{"cause":{"commonWireVersion":0,"compatible":true,"heartbeatFrequencyMS":10000,"localThresholdMS":15,"logicalSessionTimeoutMinutes":null,"maxElectionId":null,"maxSetVersion":null,"servers":{"localhost:27017":{"$clusterTime":null,"address":"localhost:27017","arbiters":[],"electionId":null,"error":{"beforeHandshake":false,"errorLabelSet":{}},"hosts":[],"iscryptd":false,"lastUpdateTime":6852935,"lastWriteDate":0,"logicalSessionTimeoutMinutes":null,"maxBsonObjectSize":null,"maxMessageSizeBytes":null,"maxWireVersion":0,"maxWriteBatchSize":null,"me":null,"minRoundTripTime":0,"minWireVersion":0,"passives":[],"primary":null,"roundTripTime":-1,"setName":null,"setVersion":null,"tags":{},"topologyVersion":null,"type":"Unknown"}},"setName":null,"stale":false,"type":"Unknown"},"errorLabelSet":{},"level":"error","message":"MongoDB connection error: connect ECONNREFUSED ::1:27017, connect ECONNREFUSED 127.0.0.1:27017","reason":{"commonWireVersion":0,"compatible":true,"heartbeatFrequencyMS":10000,"localThresholdMS":15,"logicalSessionTimeoutMinutes":null,"maxElectionId":null,"maxSetVersion":null,"servers":{"localhost:27017":{"$clusterTime":null,"address":"localhost:27017","arbiters":[],"electionId":null,"error":{"beforeHandshake":false,"errorLabelSet":{}},"hosts":[],"iscryptd":false,"lastUpdateTime":6852935,"lastWriteDate":0,"logicalSessionTimeoutMinutes":null,"maxBsonObjectSize":null,"maxMessageSizeBytes":null,"maxWireVersion":0,"maxWriteBatchSize":null,"me":null,"minRoundTripTime":0,"minWireVersion":0,"passives":[],"primary":null,"roundTripTime":-1,"setName":null,"setVersion":null,"tags":{},"topologyVersion":null,"type":"Unknown"}},"setName":null,"stale":false,"type":"Unknown"},"service":"skillswap-api","stack":"MongooseServerSelectionError: connect ECONNREFUSED ::1:27017, connect ECONNREFUSED 127.0.0.1:27017\n    at _handleConnectionErrors (C:\\Owais\\odoo2k25\\server\\node_modules\\mongoose\\lib\\connection.js:1165:11)\n    at NativeConnection.openUri (C:\\Owais\\odoo2k25\\server\\node_modules\\mongoose\\lib\\connection.js:1096:11)","timestamp":"2025-07-12T04:23:31.157Z"}
{"level":"info","message":"Connected to MongoDB successfully","service":"skillswap-api","timestamp":"2025-07-12T04:25:17.140Z"}
{"level":"info","message":"Server running on port 5000 in development mode","service":"skillswap-api","timestamp":"2025-07-12T04:25:17.149Z"}
{"level":"info","message":"Connected to MongoDB successfully","service":"skillswap-api","timestamp":"2025-07-12T04:28:15.624Z"}
{"level":"info","message":"Server running on port 5000 in development mode","service":"skillswap-api","timestamp":"2025-07-12T04:28:15.627Z"}
{"level":"info","message":"Connected to MongoDB successfully","service":"skillswap-api","timestamp":"2025-07-12T04:28:24.551Z"}
{"level":"info","message":"Server running on port 5000 in development mode","service":"skillswap-api","timestamp":"2025-07-12T04:28:24.555Z"}
{"level":"info","message":"Connected to MongoDB successfully","service":"skillswap-api","timestamp":"2025-07-12T04:28:57.324Z"}
{"level":"info","message":"Server running on port 5000 in development mode","service":"skillswap-api","timestamp":"2025-07-12T04:28:57.333Z"}
{"level":"info","message":"Connected to MongoDB successfully","service":"skillswap-api","timestamp":"2025-07-12T04:29:06.649Z"}
{"level":"info","message":"Server running on port 5000 in development mode","service":"skillswap-api","timestamp":"2025-07-12T04:29:06.654Z"}
{"level":"info","message":"Connected to MongoDB successfully","service":"skillswap-api","timestamp":"2025-07-12T04:29:15.269Z"}
{"level":"info","message":"Server running on port 5000 in development mode","service":"skillswap-api","timestamp":"2025-07-12T04:29:15.274Z"}
{"level":"info","message":"Connected to MongoDB successfully","service":"skillswap-api","timestamp":"2025-07-12T04:29:29.172Z"}
{"level":"info","message":"Server running on port 5000 in development mode","service":"skillswap-api","timestamp":"2025-07-12T04:29:29.177Z"}
{"level":"info","message":"Connected to MongoDB successfully","service":"skillswap-api","timestamp":"2025-07-12T04:29:42.625Z"}
{"level":"info","message":"Server running on port 5000 in development mode","service":"skillswap-api","timestamp":"2025-07-12T04:29:42.634Z"}
{"level":"info","message":"Connected to MongoDB successfully","service":"skillswap-api","timestamp":"2025-07-12T04:29:59.491Z"}
{"level":"info","message":"Server running on port 5000 in development mode","service":"skillswap-api","timestamp":"2025-07-12T04:29:59.497Z"}
{"level":"info","message":"Connected to MongoDB successfully","service":"skillswap-api","timestamp":"2025-07-12T04:30:05.421Z"}
{"level":"info","message":"Server running on port 5000 in development mode","service":"skillswap-api","timestamp":"2025-07-12T04:30:05.429Z"}
{"level":"info","message":"Connected to MongoDB successfully","service":"skillswap-api","timestamp":"2025-07-12T04:30:11.412Z"}
{"level":"info","message":"Server running on port 5000 in development mode","service":"skillswap-api","timestamp":"2025-07-12T04:30:11.422Z"}
{"level":"info","message":"Connected to MongoDB successfully","service":"skillswap-api","timestamp":"2025-07-12T04:30:21.388Z"}
{"level":"info","message":"Server running on port 5000 in development mode","service":"skillswap-api","timestamp":"2025-07-12T04:30:21.399Z"}
{"level":"info","message":"Connected to MongoDB successfully","service":"skillswap-api","timestamp":"2025-07-12T04:30:33.451Z"}
{"level":"info","message":"Server running on port 5000 in development mode","service":"skillswap-api","timestamp":"2025-07-12T04:30:33.459Z"}
{"level":"info","message":"Connected to MongoDB successfully","service":"skillswap-api","timestamp":"2025-07-12T04:30:53.391Z"}
{"level":"info","message":"Server running on port 5000 in development mode","service":"skillswap-api","timestamp":"2025-07-12T04:30:53.396Z"}
{"level":"info","message":"Connected to MongoDB successfully","service":"skillswap-api","timestamp":"2025-07-12T04:32:51.854Z"}
{"level":"info","message":"Server running on port 5000 in development mode","service":"skillswap-api","timestamp":"2025-07-12T04:32:51.860Z"}
{"level":"info","message":"Connected to MongoDB successfully","service":"skillswap-api","timestamp":"2025-07-12T04:34:40.017Z"}
{"level":"info","message":"Server running on port 5000 in development mode","service":"skillswap-api","timestamp":"2025-07-12T04:34:40.021Z"}
{"level":"info","message":"SIGINT received, shutting down gracefully","service":"skillswap-api","timestamp":"2025-07-12T04:34:43.831Z"}
{"level":"info","message":"Connected to MongoDB successfully","service":"skillswap-api","timestamp":"2025-07-12T04:34:48.029Z"}
{"level":"info","message":"Server running on port 5000 in development mode","service":"skillswap-api","timestamp":"2025-07-12T04:34:48.034Z"}
{"level":"info","message":"Connected to MongoDB successfully","service":"skillswap-api","timestamp":"2025-07-12T04:36:36.540Z"}
{"level":"info","message":"Server running on port 5000 in development mode","service":"skillswap-api","timestamp":"2025-07-12T04:36:36.543Z"}
{"level":"info","message":"Connected to MongoDB successfully","service":"skillswap-api","timestamp":"2025-07-12T04:36:47.619Z"}
{"level":"info","message":"Server running on port 5000 in development mode","service":"skillswap-api","timestamp":"2025-07-12T04:36:47.625Z"}
{"level":"info","message":"Connected to MongoDB successfully","service":"skillswap-api","timestamp":"2025-07-12T04:53:13.313Z"}
{"level":"info","message":"Server running on port 5000 in development mode","service":"skillswap-api","timestamp":"2025-07-12T04:53:13.317Z"}
{"level":"info","message":"User registered successfully: testuser@example.com","service":"skillswap-api","timestamp":"2025-07-12T05:03:03.573Z"}
{"level":"info","message":"User logged in: testuser@example.com","service":"skillswap-api","timestamp":"2025-07-12T05:03:41.244Z"}
{"level":"error","message":"Update profile error: Cannot convert undefined or null to object","service":"skillswap-api","stack":"TypeError: Cannot convert undefined or null to object\n    at updateProfile (C:\\Owais\\odoo2k25\\server\\controllers\\userController.js:38:5)\n    at Layer.handleRequest (C:\\Owais\\odoo2k25\\server\\node_modules\\router\\lib\\layer.js:152:17)\n    at next (C:\\Owais\\odoo2k25\\server\\node_modules\\router\\lib\\route.js:157:13)\n    at middleware (C:\\Owais\\odoo2k25\\server\\node_modules\\express-validator\\lib\\middlewares\\check.js:16:13)\n    at process.processTicksAndRejections (node:internal/process/task_queues:105:5)","timestamp":"2025-07-12T05:06:02.349Z"}
{"level":"info","message":"User profile updated: testuser@example.com","service":"skillswap-api","timestamp":"2025-07-12T05:06:17.284Z"}
{"level":"info","message":"Swap request created: 6871ec870b60cc79c35e4629 -> 6871e446322e8bd64dd7e7d2","service":"skillswap-api","timestamp":"2025-07-12T05:09:29.293Z"}
{"level":"info","message":"Connected to MongoDB successfully","service":"skillswap-api","timestamp":"2025-07-12T05:35:26.056Z"}
{"level":"info","message":"Server running on port 5000 in development mode","service":"skillswap-api","timestamp":"2025-07-12T05:35:26.066Z"}
{"level":"info","message":"Connected to MongoDB successfully","service":"skillswap-api","timestamp":"2025-07-12T05:36:26.227Z"}
{"level":"info","message":"Server running on port 5000 in development mode","service":"skillswap-api","timestamp":"2025-07-12T05:36:26.231Z"}
{"level":"info","message":"Connected to MongoDB successfully","service":"skillswap-api","timestamp":"2025-07-12T05:37:43.726Z"}
{"level":"info","message":"Server running on port 5000 in development mode","service":"skillswap-api","timestamp":"2025-07-12T05:37:43.731Z"}
{"level":"info","message":"Connected to MongoDB successfully","service":"skillswap-api","timestamp":"2025-07-12T05:38:19.824Z"}
{"level":"info","message":"Server running on port 5000 in development mode","service":"skillswap-api","timestamp":"2025-07-12T05:38:19.830Z"}
{"level":"info","message":"Connected to MongoDB successfully","service":"skillswap-api","timestamp":"2025-07-12T05:38:30.162Z"}
{"level":"info","message":"Server running on port 5000 in development mode","service":"skillswap-api","timestamp":"2025-07-12T05:38:30.166Z"}
{"level":"info","message":"Connected to MongoDB successfully","service":"skillswap-api","timestamp":"2025-07-12T05:44:58.524Z"}
{"level":"info","message":"Server running on port 5000 in development mode","service":"skillswap-api","timestamp":"2025-07-12T05:44:58.530Z"}
{"level":"info","message":"SIGINT received, shutting down gracefully","service":"skillswap-api","timestamp":"2025-07-12T05:47:27.408Z"}
{"level":"info","message":"Connected to MongoDB successfully","service":"skillswap-api","timestamp":"2025-07-12T05:47:34.461Z"}
{"level":"info","message":"Server running on port 5000 in development mode","service":"skillswap-api","timestamp":"2025-07-12T05:47:34.467Z"}
{"level":"info","message":"SIGINT received, shutting down gracefully","service":"skillswap-api","timestamp":"2025-07-12T06:10:56.735Z"}
{"level":"info","message":"Connected to MongoDB successfully","service":"skillswap-api","timestamp":"2025-07-12T06:11:09.423Z"}
{"level":"info","message":"Server running on port 5000 in development mode","service":"skillswap-api","timestamp":"2025-07-12T06:11:09.427Z"}
{"level":"info","message":"User registered successfully: john@example.com","service":"skillswap-api","timestamp":"2025-07-12T07:08:26.341Z"}
{"level":"info","message":"User logged in: john@example.com","service":"skillswap-api","timestamp":"2025-07-12T07:08:57.860Z"}
{"level":"error","message":"Logout error: Cannot read properties of undefined (reading 'refreshToken')","service":"skillswap-api","stack":"TypeError: Cannot read properties of undefined (reading 'refreshToken')\n    at logout (C:\\Owais\\odoo2k25\\server\\controllers\\authController.js:163:38)\n    at Layer.handleRequest (C:\\Owais\\odoo2k25\\server\\node_modules\\router\\lib\\layer.js:152:17)\n    at next (C:\\Owais\\odoo2k25\\server\\node_modules\\router\\lib\\route.js:157:13)\n    at Route.dispatch (C:\\Owais\\odoo2k25\\server\\node_modules\\router\\lib\\route.js:117:3)\n    at handle (C:\\Owais\\odoo2k25\\server\\node_modules\\router\\index.js:435:11)\n    at Layer.handleRequest (C:\\Owais\\odoo2k25\\server\\node_modules\\router\\lib\\layer.js:152:17)\n    at C:\\Owais\\odoo2k25\\server\\node_modules\\router\\index.js:295:15\n    at processParams (C:\\Owais\\odoo2k25\\server\\node_modules\\router\\index.js:582:12)\n    at next (C:\\Owais\\odoo2k25\\server\\node_modules\\router\\index.js:291:5)\n    at router.handle (C:\\Owais\\odoo2k25\\server\\node_modules\\router\\index.js:186:3)","timestamp":"2025-07-12T07:10:10.186Z"}
{"level":"error","message":"Logout error: Cannot read properties of undefined (reading 'refreshToken')","service":"skillswap-api","stack":"TypeError: Cannot read properties of undefined (reading 'refreshToken')\n    at logout (C:\\Owais\\odoo2k25\\server\\controllers\\authController.js:163:38)\n    at Layer.handleRequest (C:\\Owais\\odoo2k25\\server\\node_modules\\router\\lib\\layer.js:152:17)\n    at next (C:\\Owais\\odoo2k25\\server\\node_modules\\router\\lib\\route.js:157:13)\n    at Route.dispatch (C:\\Owais\\odoo2k25\\server\\node_modules\\router\\lib\\route.js:117:3)\n    at handle (C:\\Owais\\odoo2k25\\server\\node_modules\\router\\index.js:435:11)\n    at Layer.handleRequest (C:\\Owais\\odoo2k25\\server\\node_modules\\router\\lib\\layer.js:152:17)\n    at C:\\Owais\\odoo2k25\\server\\node_modules\\router\\index.js:295:15\n    at processParams (C:\\Owais\\odoo2k25\\server\\node_modules\\router\\index.js:582:12)\n    at next (C:\\Owais\\odoo2k25\\server\\node_modules\\router\\index.js:291:5)\n    at router.handle (C:\\Owais\\odoo2k25\\server\\node_modules\\router\\index.js:186:3)","timestamp":"2025-07-12T07:10:26.535Z"}
{"level":"error","message":"Logout error: Cannot read properties of undefined (reading 'refreshToken')","service":"skillswap-api","stack":"TypeError: Cannot read properties of undefined (reading 'refreshToken')\n    at logout (C:\\Owais\\odoo2k25\\server\\controllers\\authController.js:163:38)\n    at Layer.handleRequest (C:\\Owais\\odoo2k25\\server\\node_modules\\router\\lib\\layer.js:152:17)\n    at next (C:\\Owais\\odoo2k25\\server\\node_modules\\router\\lib\\route.js:157:13)\n    at Route.dispatch (C:\\Owais\\odoo2k25\\server\\node_modules\\router\\lib\\route.js:117:3)\n    at handle (C:\\Owais\\odoo2k25\\server\\node_modules\\router\\index.js:435:11)\n    at Layer.handleRequest (C:\\Owais\\odoo2k25\\server\\node_modules\\router\\lib\\layer.js:152:17)\n    at C:\\Owais\\odoo2k25\\server\\node_modules\\router\\index.js:295:15\n    at processParams (C:\\Owais\\odoo2k25\\server\\node_modules\\router\\index.js:582:12)\n    at next (C:\\Owais\\odoo2k25\\server\\node_modules\\router\\index.js:291:5)\n    at router.handle (C:\\Owais\\odoo2k25\\server\\node_modules\\router\\index.js:186:3)","timestamp":"2025-07-12T07:10:28.284Z"}
{"level":"error","message":"Logout error: Cannot read properties of undefined (reading 'refreshToken')","service":"skillswap-api","stack":"TypeError: Cannot read properties of undefined (reading 'refreshToken')\n    at logout (C:\\Owais\\odoo2k25\\server\\controllers\\authController.js:163:38)\n    at Layer.handleRequest (C:\\Owais\\odoo2k25\\server\\node_modules\\router\\lib\\layer.js:152:17)\n    at next (C:\\Owais\\odoo2k25\\server\\node_modules\\router\\lib\\route.js:157:13)\n    at Route.dispatch (C:\\Owais\\odoo2k25\\server\\node_modules\\router\\lib\\route.js:117:3)\n    at handle (C:\\Owais\\odoo2k25\\server\\node_modules\\router\\index.js:435:11)\n    at Layer.handleRequest (C:\\Owais\\odoo2k25\\server\\node_modules\\router\\lib\\layer.js:152:17)\n    at C:\\Owais\\odoo2k25\\server\\node_modules\\router\\index.js:295:15\n    at processParams (C:\\Owais\\odoo2k25\\server\\node_modules\\router\\index.js:582:12)\n    at next (C:\\Owais\\odoo2k25\\server\\node_modules\\router\\index.js:291:5)\n    at router.handle (C:\\Owais\\odoo2k25\\server\\node_modules\\router\\index.js:186:3)","timestamp":"2025-07-12T07:10:28.961Z"}
{"level":"info","message":"User logged in: john@example.com","service":"skillswap-api","timestamp":"2025-07-12T07:10:49.903Z"}
{"level":"info","message":"Connected to MongoDB successfully","service":"skillswap-api","timestamp":"2025-07-12T07:16:10.438Z"}
{"level":"info","message":"Server running on port 5000 in development mode","service":"skillswap-api","timestamp":"2025-07-12T07:16:10.444Z"}
{"level":"info","message":"Connected to MongoDB successfully","service":"skillswap-api","timestamp":"2025-07-12T07:22:54.134Z"}
{"level":"info","message":"Server running on port 5000 in development mode","service":"skillswap-api","timestamp":"2025-07-12T07:22:54.140Z"}
{"level":"info","message":"Connected to MongoDB successfully","service":"skillswap-api","timestamp":"2025-07-12T07:24:19.711Z"}
{"level":"info","message":"Server running on port 5000 in development mode","service":"skillswap-api","timestamp":"2025-07-12T07:24:19.720Z"}
{"level":"info","message":"Connected to MongoDB successfully","service":"skillswap-api","timestamp":"2025-07-12T07:34:02.757Z"}
{"level":"info","message":"Server running on port 5000 in development mode","service":"skillswap-api","timestamp":"2025-07-12T07:34:02.763Z"}
{"level":"info","message":"Connected to MongoDB successfully","service":"skillswap-api","timestamp":"2025-07-12T07:39:59.045Z"}
{"level":"info","message":"Server running on port 5000 in development mode","service":"skillswap-api","timestamp":"2025-07-12T07:39:59.050Z"}
{"level":"info","message":"Connected to MongoDB successfully","service":"skillswap-api","timestamp":"2025-07-12T07:40:17.942Z"}
{"level":"info","message":"Server running on port 5000 in development mode","service":"skillswap-api","timestamp":"2025-07-12T07:40:17.947Z"}
{"level":"info","message":"Connected to MongoDB successfully","service":"skillswap-api","timestamp":"2025-07-12T07:56:24.485Z"}
{"level":"info","message":"Server running on port 5000 in development mode","service":"skillswap-api","timestamp":"2025-07-12T07:56:24.489Z"}
{"level":"info","message":"Connected to MongoDB successfully","service":"skillswap-api","timestamp":"2025-07-12T08:09:26.418Z"}
{"level":"info","message":"Socket.io server initialized","service":"skillswap-api","timestamp":"2025-07-12T08:09:26.429Z"}
{"level":"info","message":"Server running on port 5000 in development mode","service":"skillswap-api","timestamp":"2025-07-12T08:09:26.434Z"}
{"level":"info","message":"Socket.io initialized and ready for real-time connections","service":"skillswap-api","timestamp":"2025-07-12T08:09:26.434Z"}
{"level":"info","message":"SIGINT received, shutting down gracefully","service":"skillswap-api","timestamp":"2025-07-12T08:20:09.221Z"}
{"level":"info","message":"Connected to MongoDB successfully","service":"skillswap-api","timestamp":"2025-07-12T08:20:14.978Z"}
{"level":"info","message":"Socket.io server initialized","service":"skillswap-api","timestamp":"2025-07-12T08:20:14.984Z"}
{"level":"info","message":"Server running on port 5000 in development mode","service":"skillswap-api","timestamp":"2025-07-12T08:20:14.988Z"}
{"level":"info","message":"Socket.io initialized and ready for real-time connections","service":"skillswap-api","timestamp":"2025-07-12T08:20:14.989Z"}
{"level":"info","message":"User logged in: john@example.com","service":"skillswap-api","timestamp":"2025-07-12T08:48:36.358Z"}
{"level":"info","message":"Connected to MongoDB successfully","service":"skillswap-api","timestamp":"2025-07-12T09:02:58.736Z"}
{"level":"info","message":"Connected to MongoDB successfully","service":"skillswap-api","timestamp":"2025-07-12T09:04:31.187Z"}
{"level":"info","message":"Socket.io server initialized","service":"skillswap-api","timestamp":"2025-07-12T09:04:31.191Z"}
{"level":"info","message":"Server running on port 5000 in development mode","service":"skillswap-api","timestamp":"2025-07-12T09:04:31.193Z"}
{"level":"info","message":"Socket.io initialized and ready for real-time connections","service":"skillswap-api","timestamp":"2025-07-12T09:04:31.193Z"}
{"level":"info","message":"Connected to MongoDB successfully","service":"skillswap-api","timestamp":"2025-07-12T09:12:41.614Z"}
{"level":"info","message":"Socket.io server initialized","service":"skillswap-api","timestamp":"2025-07-12T09:12:41.621Z"}
{"level":"info","message":"Server running on port 5000 in development mode","service":"skillswap-api","timestamp":"2025-07-12T09:12:41.625Z"}
{"level":"info","message":"Socket.io initialized and ready for real-time connections","service":"skillswap-api","timestamp":"2025-07-12T09:12:41.625Z"}
{"level":"info","message":"SIGINT received, shutting down gracefully","service":"skillswap-api","timestamp":"2025-07-12T09:20:25.051Z"}
{"level":"info","message":"Connected to MongoDB successfully","service":"skillswap-api","timestamp":"2025-07-12T09:20:37.725Z"}
{"level":"info","message":"Socket.io server initialized","service":"skillswap-api","timestamp":"2025-07-12T09:20:37.733Z"}
{"level":"info","message":"Server running on port 5000 in development mode","service":"skillswap-api","timestamp":"2025-07-12T09:20:37.737Z"}
{"level":"info","message":"Socket.io initialized and ready for real-time connections","service":"skillswap-api","timestamp":"2025-07-12T09:20:37.737Z"}
{"level":"info","message":"SIGINT received, shutting down gracefully","service":"skillswap-api","timestamp":"2025-07-12T09:21:25.220Z"}
{"level":"info","message":"Connected to MongoDB successfully","service":"skillswap-api","timestamp":"2025-07-12T09:21:30.368Z"}
{"level":"info","message":"Socket.io server initialized","service":"skillswap-api","timestamp":"2025-07-12T09:21:30.376Z"}
{"level":"info","message":"Server running on port 5000 in development mode","service":"skillswap-api","timestamp":"2025-07-12T09:21:30.378Z"}
{"level":"info","message":"Socket.io initialized and ready for real-time connections","service":"skillswap-api","timestamp":"2025-07-12T09:21:30.379Z"}
{"level":"info","message":"Connected to MongoDB successfully","service":"skillswap-api","timestamp":"2025-07-12T09:40:35.477Z"}
{"level":"info","message":"Socket.io server initialized","service":"skillswap-api","timestamp":"2025-07-12T09:40:35.481Z"}
{"level":"info","message":"Server running on port 5000 in development mode","service":"skillswap-api","timestamp":"2025-07-12T09:40:35.483Z"}
{"level":"info","message":"Socket.io initialized and ready for real-time connections","service":"skillswap-api","timestamp":"2025-07-12T09:40:35.483Z"}
{"level":"info","message":"Connected to MongoDB successfully","service":"skillswap-api","timestamp":"2025-07-12T09:47:08.012Z"}
{"level":"info","message":"User registered successfully: test@example.com","service":"skillswap-api","timestamp":"2025-07-12T09:47:21.555Z"}
{"level":"info","message":"SIGINT received, shutting down gracefully","service":"skillswap-api","timestamp":"2025-07-12T09:47:59.016Z"}
{"level":"info","message":"Connected to MongoDB successfully","service":"skillswap-api","timestamp":"2025-07-12T09:48:19.759Z"}
{"level":"info","message":"Socket.io server initialized","service":"skillswap-api","timestamp":"2025-07-12T09:48:19.763Z"}
{"level":"info","message":"Server running on port 5000 in development mode","service":"skillswap-api","timestamp":"2025-07-12T09:48:19.764Z"}
{"level":"info","message":"Socket.io initialized and ready for real-time connections","service":"skillswap-api","timestamp":"2025-07-12T09:48:19.765Z"}
{"level":"info","message":"User registered successfully: oaak78692@gmail.com","service":"skillswap-api","timestamp":"2025-07-12T09:50:11.416Z"}
{"level":"info","message":"User logged in: oaak78692@gmail.com","service":"skillswap-api","timestamp":"2025-07-12T09:50:20.688Z"}
{"level":"info","message":"User logged in: oaak78692@gmail.com","service":"skillswap-api","timestamp":"2025-07-12T09:51:48.548Z"}
{"level":"info","message":"User logged in: oaak78692@gmail.com","service":"skillswap-api","timestamp":"2025-07-12T09:51:59.435Z"}
{"level":"info","message":"User logged in: oaak78692@gmail.com","service":"skillswap-api","timestamp":"2025-07-12T09:54:46.316Z"}
{"level":"info","message":"User logged in: oaak78692@gmail.com","service":"skillswap-api","timestamp":"2025-07-12T09:57:40.907Z"}
{"level":"info","message":"SIGINT received, shutting down gracefully","service":"skillswap-api","timestamp":"2025-07-12T10:01:26.698Z"}
{"level":"info","message":"Connected to MongoDB successfully","service":"skillswap-api","timestamp":"2025-07-12T10:01:31.134Z"}
{"level":"info","message":"Socket.io server initialized","service":"skillswap-api","timestamp":"2025-07-12T10:01:31.139Z"}
{"level":"info","message":"Server running on port 5000 in development mode","service":"skillswap-api","timestamp":"2025-07-12T10:01:31.142Z"}
{"level":"info","message":"Socket.io initialized and ready for real-time connections","service":"skillswap-api","timestamp":"2025-07-12T10:01:31.142Z"}
{"level":"error","message":"Socket authentication error: secret or public key must be provided","name":"JsonWebTokenError","service":"skillswap-api","stack":"JsonWebTokenError: secret or public key must be provided\n    at C:\\Owais\\odoo2k25\\server\\node_modules\\jsonwebtoken\\verify.js:113:19\n    at getSecret (C:\\Owais\\odoo2k25\\server\\node_modules\\jsonwebtoken\\verify.js:97:14)\n    at module.exports [as verify] (C:\\Owais\\odoo2k25\\server\\node_modules\\jsonwebtoken\\verify.js:101:10)\n    at Array.<anonymous> (C:\\Owais\\odoo2k25\\server\\utils\\socketManager.js:36:29)\n    at run (C:\\Owais\\odoo2k25\\server\\node_modules\\socket.io\\dist\\namespace.js:130:19)\n    at Namespace.run (C:\\Owais\\odoo2k25\\server\\node_modules\\socket.io\\dist\\namespace.js:141:9)\n    at Namespace._add (C:\\Owais\\odoo2k25\\server\\node_modules\\socket.io\\dist\\namespace.js:218:14)\n    at process.processTicksAndRejections (node:internal/process/task_queues:105:5)","timestamp":"2025-07-12T10:01:39.329Z"}
{"level":"error","message":"Logout error: Cannot read properties of undefined (reading 'refreshToken')","service":"skillswap-api","stack":"TypeError: Cannot read properties of undefined (reading 'refreshToken')\n    at logout (C:\\Owais\\odoo2k25\\server\\controllers\\authController.js:163:38)\n    at Layer.handleRequest (C:\\Owais\\odoo2k25\\server\\node_modules\\router\\lib\\layer.js:152:17)\n    at next (C:\\Owais\\odoo2k25\\server\\node_modules\\router\\lib\\route.js:157:13)\n    at Route.dispatch (C:\\Owais\\odoo2k25\\server\\node_modules\\router\\lib\\route.js:117:3)\n    at handle (C:\\Owais\\odoo2k25\\server\\node_modules\\router\\index.js:435:11)\n    at Layer.handleRequest (C:\\Owais\\odoo2k25\\server\\node_modules\\router\\lib\\layer.js:152:17)\n    at C:\\Owais\\odoo2k25\\server\\node_modules\\router\\index.js:295:15\n    at processParams (C:\\Owais\\odoo2k25\\server\\node_modules\\router\\index.js:582:12)\n    at next (C:\\Owais\\odoo2k25\\server\\node_modules\\router\\index.js:291:5)\n    at router.handle (C:\\Owais\\odoo2k25\\server\\node_modules\\router\\index.js:186:3)","timestamp":"2025-07-12T10:03:30.859Z"}
{"level":"error","message":"Logout error: Cannot read properties of undefined (reading 'refreshToken')","service":"skillswap-api","stack":"TypeError: Cannot read properties of undefined (reading 'refreshToken')\n    at logout (C:\\Owais\\odoo2k25\\server\\controllers\\authController.js:163:38)\n    at Layer.handleRequest (C:\\Owais\\odoo2k25\\server\\node_modules\\router\\lib\\layer.js:152:17)\n    at next (C:\\Owais\\odoo2k25\\server\\node_modules\\router\\lib\\route.js:157:13)\n    at Route.dispatch (C:\\Owais\\odoo2k25\\server\\node_modules\\router\\lib\\route.js:117:3)\n    at handle (C:\\Owais\\odoo2k25\\server\\node_modules\\router\\index.js:435:11)\n    at Layer.handleRequest (C:\\Owais\\odoo2k25\\server\\node_modules\\router\\lib\\layer.js:152:17)\n    at C:\\Owais\\odoo2k25\\server\\node_modules\\router\\index.js:295:15\n    at processParams (C:\\Owais\\odoo2k25\\server\\node_modules\\router\\index.js:582:12)\n    at next (C:\\Owais\\odoo2k25\\server\\node_modules\\router\\index.js:291:5)\n    at router.handle (C:\\Owais\\odoo2k25\\server\\node_modules\\router\\index.js:186:3)","timestamp":"2025-07-12T10:03:36.352Z"}
{"level":"error","message":"Socket authentication error: secret or public key must be provided","name":"JsonWebTokenError","service":"skillswap-api","stack":"JsonWebTokenError: secret or public key must be provided\n    at C:\\Owais\\odoo2k25\\server\\node_modules\\jsonwebtoken\\verify.js:113:19\n    at getSecret (C:\\Owais\\odoo2k25\\server\\node_modules\\jsonwebtoken\\verify.js:97:14)\n    at module.exports [as verify] (C:\\Owais\\odoo2k25\\server\\node_modules\\jsonwebtoken\\verify.js:101:10)\n    at Array.<anonymous> (C:\\Owais\\odoo2k25\\server\\utils\\socketManager.js:36:29)\n    at run (C:\\Owais\\odoo2k25\\server\\node_modules\\socket.io\\dist\\namespace.js:130:19)\n    at Namespace.run (C:\\Owais\\odoo2k25\\server\\node_modules\\socket.io\\dist\\namespace.js:141:9)\n    at Namespace._add (C:\\Owais\\odoo2k25\\server\\node_modules\\socket.io\\dist\\namespace.js:218:14)\n    at process.processTicksAndRejections (node:internal/process/task_queues:105:5)","timestamp":"2025-07-12T10:03:38.981Z"}
{"level":"error","message":"Socket authentication error: secret or public key must be provided","name":"JsonWebTokenError","service":"skillswap-api","stack":"JsonWebTokenError: secret or public key must be provided\n    at C:\\Owais\\odoo2k25\\server\\node_modules\\jsonwebtoken\\verify.js:113:19\n    at getSecret (C:\\Owais\\odoo2k25\\server\\node_modules\\jsonwebtoken\\verify.js:97:14)\n    at module.exports [as verify] (C:\\Owais\\odoo2k25\\server\\node_modules\\jsonwebtoken\\verify.js:101:10)\n    at Array.<anonymous> (C:\\Owais\\odoo2k25\\server\\utils\\socketManager.js:36:29)\n    at run (C:\\Owais\\odoo2k25\\server\\node_modules\\socket.io\\dist\\namespace.js:130:19)\n    at Namespace.run (C:\\Owais\\odoo2k25\\server\\node_modules\\socket.io\\dist\\namespace.js:141:9)\n    at Namespace._add (C:\\Owais\\odoo2k25\\server\\node_modules\\socket.io\\dist\\namespace.js:218:14)\n    at process.processTicksAndRejections (node:internal/process/task_queues:105:5)","timestamp":"2025-07-12T10:03:39.059Z"}
{"level":"error","message":"Socket authentication error: secret or public key must be provided","name":"JsonWebTokenError","service":"skillswap-api","stack":"JsonWebTokenError: secret or public key must be provided\n    at C:\\Owais\\odoo2k25\\server\\node_modules\\jsonwebtoken\\verify.js:113:19\n    at getSecret (C:\\Owais\\odoo2k25\\server\\node_modules\\jsonwebtoken\\verify.js:97:14)\n    at module.exports [as verify] (C:\\Owais\\odoo2k25\\server\\node_modules\\jsonwebtoken\\verify.js:101:10)\n    at Array.<anonymous> (C:\\Owais\\odoo2k25\\server\\utils\\socketManager.js:36:29)\n    at run (C:\\Owais\\odoo2k25\\server\\node_modules\\socket.io\\dist\\namespace.js:130:19)\n    at Namespace.run (C:\\Owais\\odoo2k25\\server\\node_modules\\socket.io\\dist\\namespace.js:141:9)\n    at Namespace._add (C:\\Owais\\odoo2k25\\server\\node_modules\\socket.io\\dist\\namespace.js:218:14)\n    at process.processTicksAndRejections (node:internal/process/task_queues:105:5)","timestamp":"2025-07-12T10:04:24.090Z"}
{"level":"error","message":"Socket authentication error: secret or public key must be provided","name":"JsonWebTokenError","service":"skillswap-api","stack":"JsonWebTokenError: secret or public key must be provided\n    at C:\\Owais\\odoo2k25\\server\\node_modules\\jsonwebtoken\\verify.js:113:19\n    at getSecret (C:\\Owais\\odoo2k25\\server\\node_modules\\jsonwebtoken\\verify.js:97:14)\n    at module.exports [as verify] (C:\\Owais\\odoo2k25\\server\\node_modules\\jsonwebtoken\\verify.js:101:10)\n    at Array.<anonymous> (C:\\Owais\\odoo2k25\\server\\utils\\socketManager.js:36:29)\n    at run (C:\\Owais\\odoo2k25\\server\\node_modules\\socket.io\\dist\\namespace.js:130:19)\n    at Namespace.run (C:\\Owais\\odoo2k25\\server\\node_modules\\socket.io\\dist\\namespace.js:141:9)\n    at Namespace._add (C:\\Owais\\odoo2k25\\server\\node_modules\\socket.io\\dist\\namespace.js:218:14)\n    at process.processTicksAndRejections (node:internal/process/task_queues:105:5)","timestamp":"2025-07-12T10:04:24.092Z"}
{"level":"error","message":"Socket authentication error: secret or public key must be provided","name":"JsonWebTokenError","service":"skillswap-api","stack":"JsonWebTokenError: secret or public key must be provided\n    at C:\\Owais\\odoo2k25\\server\\node_modules\\jsonwebtoken\\verify.js:113:19\n    at getSecret (C:\\Owais\\odoo2k25\\server\\node_modules\\jsonwebtoken\\verify.js:97:14)\n    at module.exports [as verify] (C:\\Owais\\odoo2k25\\server\\node_modules\\jsonwebtoken\\verify.js:101:10)\n    at Array.<anonymous> (C:\\Owais\\odoo2k25\\server\\utils\\socketManager.js:36:29)\n    at run (C:\\Owais\\odoo2k25\\server\\node_modules\\socket.io\\dist\\namespace.js:130:19)\n    at Namespace.run (C:\\Owais\\odoo2k25\\server\\node_modules\\socket.io\\dist\\namespace.js:141:9)\n    at Namespace._add (C:\\Owais\\odoo2k25\\server\\node_modules\\socket.io\\dist\\namespace.js:218:14)\n    at process.processTicksAndRejections (node:internal/process/task_queues:105:5)","timestamp":"2025-07-12T10:05:40.039Z"}
{"kind":"ObjectId","level":"error","message":"Get user by ID error: Cast to ObjectId failed for value \"undefined\" (type string) at path \"_id\" for model \"User\"","path":"_id","reason":{},"service":"skillswap-api","stack":"CastError: Cast to ObjectId failed for value \"undefined\" (type string) at path \"_id\" for model \"User\"\n    at SchemaObjectId.cast (C:\\Owais\\odoo2k25\\server\\node_modules\\mongoose\\lib\\schema\\objectId.js:251:11)\n    at SchemaType.applySetters (C:\\Owais\\odoo2k25\\server\\node_modules\\mongoose\\lib\\schemaType.js:1258:12)\n    at SchemaType.castForQuery (C:\\Owais\\odoo2k25\\server\\node_modules\\mongoose\\lib\\schemaType.js:1676:17)\n    at cast (C:\\Owais\\odoo2k25\\server\\node_modules\\mongoose\\lib\\cast.js:390:32)\n    at Query.cast (C:\\Owais\\odoo2k25\\server\\node_modules\\mongoose\\lib\\query.js:5055:12)\n    at Query._castConditions (C:\\Owais\\odoo2k25\\server\\node_modules\\mongoose\\lib\\query.js:2351:10)\n    at model.Query._findOne (C:\\Owais\\odoo2k25\\server\\node_modules\\mongoose\\lib\\query.js:2674:8)\n    at model.Query.exec (C:\\Owais\\odoo2k25\\server\\node_modules\\mongoose\\lib\\query.js:4604:80)\n    at process.processTicksAndRejections (node:internal/process/task_queues:105:5)\n    at async getUserById (C:\\Owais\\odoo2k25\\server\\controllers\\userController.js:171:18)","stringValue":"\"undefined\"","timestamp":"2025-07-12T10:05:59.965Z","value":"undefined","valueType":"string"}
{"kind":"ObjectId","level":"error","message":"Get user by ID error: Cast to ObjectId failed for value \"undefined\" (type string) at path \"_id\" for model \"User\"","path":"_id","reason":{},"service":"skillswap-api","stack":"CastError: Cast to ObjectId failed for value \"undefined\" (type string) at path \"_id\" for model \"User\"\n    at SchemaObjectId.cast (C:\\Owais\\odoo2k25\\server\\node_modules\\mongoose\\lib\\schema\\objectId.js:251:11)\n    at SchemaType.applySetters (C:\\Owais\\odoo2k25\\server\\node_modules\\mongoose\\lib\\schemaType.js:1258:12)\n    at SchemaType.castForQuery (C:\\Owais\\odoo2k25\\server\\node_modules\\mongoose\\lib\\schemaType.js:1676:17)\n    at cast (C:\\Owais\\odoo2k25\\server\\node_modules\\mongoose\\lib\\cast.js:390:32)\n    at Query.cast (C:\\Owais\\odoo2k25\\server\\node_modules\\mongoose\\lib\\query.js:5055:12)\n    at Query._castConditions (C:\\Owais\\odoo2k25\\server\\node_modules\\mongoose\\lib\\query.js:2351:10)\n    at model.Query._findOne (C:\\Owais\\odoo2k25\\server\\node_modules\\mongoose\\lib\\query.js:2674:8)\n    at model.Query.exec (C:\\Owais\\odoo2k25\\server\\node_modules\\mongoose\\lib\\query.js:4604:80)\n    at process.processTicksAndRejections (node:internal/process/task_queues:105:5)\n    at async getUserById (C:\\Owais\\odoo2k25\\server\\controllers\\userController.js:171:18)","stringValue":"\"undefined\"","timestamp":"2025-07-12T10:05:59.973Z","value":"undefined","valueType":"string"}
{"level":"info","message":"Connected to MongoDB successfully","service":"skillswap-api","timestamp":"2025-07-12T10:06:05.944Z"}
{"level":"info","message":"Socket.io server initialized","service":"skillswap-api","timestamp":"2025-07-12T10:06:05.953Z"}
{"level":"info","message":"Server running on port 5000 in development mode","service":"skillswap-api","timestamp":"2025-07-12T10:06:05.958Z"}
{"level":"info","message":"Socket.io initialized and ready for real-time connections","service":"skillswap-api","timestamp":"2025-07-12T10:06:05.959Z"}
{"level":"info","message":"User 68722fd27a90c727d0909616 connected via socket XkLWUPffWNUHRkZvAAAB","service":"skillswap-api","timestamp":"2025-07-12T10:06:31.950Z"}
{"level":"info","message":"Connected to MongoDB successfully","service":"skillswap-api","timestamp":"2025-07-12T10:06:43.313Z"}
{"level":"info","message":"Connected to MongoDB successfully","service":"skillswap-api","timestamp":"2025-07-12T10:07:10.838Z"}
{"level":"info","message":"Socket.io server initialized","service":"skillswap-api","timestamp":"2025-07-12T10:07:10.842Z"}
{"level":"info","message":"Server running on port 5000 in development mode","service":"skillswap-api","timestamp":"2025-07-12T10:07:10.843Z"}
{"level":"info","message":"Socket.io initialized and ready for real-time connections","service":"skillswap-api","timestamp":"2025-07-12T10:07:10.844Z"}
{"level":"info","message":"User 68722fd27a90c727d0909616 connected via socket 1kLXUcmK7h-lQdVlAAAB","service":"skillswap-api","timestamp":"2025-07-12T10:07:14.297Z"}
{"level":"info","message":"User 68722fd27a90c727d0909616 disconnected","service":"skillswap-api","timestamp":"2025-07-12T10:07:14.623Z"}
{"level":"info","message":"User 68722fd27a90c727d0909616 connected via socket UTEG7EBm1jF3EaT4AAAD","service":"skillswap-api","timestamp":"2025-07-12T10:07:15.726Z"}
{"level":"info","message":"User 68722fd27a90c727d0909616 connected via socket kZ3ZwWKIVHm_iV5nAAAF","service":"skillswap-api","timestamp":"2025-07-12T10:07:15.822Z"}
{"kind":"ObjectId","level":"error","message":"Get user by ID error: Cast to ObjectId failed for value \"undefined\" (type string) at path \"_id\" for model \"User\"","path":"_id","reason":{},"service":"skillswap-api","stack":"CastError: Cast to ObjectId failed for value \"undefined\" (type string) at path \"_id\" for model \"User\"\n    at SchemaObjectId.cast (C:\\Owais\\odoo2k25\\server\\node_modules\\mongoose\\lib\\schema\\objectId.js:251:11)\n    at SchemaType.applySetters (C:\\Owais\\odoo2k25\\server\\node_modules\\mongoose\\lib\\schemaType.js:1258:12)\n    at SchemaType.castForQuery (C:\\Owais\\odoo2k25\\server\\node_modules\\mongoose\\lib\\schemaType.js:1676:17)\n    at cast (C:\\Owais\\odoo2k25\\server\\node_modules\\mongoose\\lib\\cast.js:390:32)\n    at Query.cast (C:\\Owais\\odoo2k25\\server\\node_modules\\mongoose\\lib\\query.js:5055:12)\n    at Query._castConditions (C:\\Owais\\odoo2k25\\server\\node_modules\\mongoose\\lib\\query.js:2351:10)\n    at model.Query._findOne (C:\\Owais\\odoo2k25\\server\\node_modules\\mongoose\\lib\\query.js:2674:8)\n    at model.Query.exec (C:\\Owais\\odoo2k25\\server\\node_modules\\mongoose\\lib\\query.js:4604:80)\n    at process.processTicksAndRejections (node:internal/process/task_queues:105:5)\n    at async getUserById (C:\\Owais\\odoo2k25\\server\\controllers\\userController.js:171:18)","stringValue":"\"undefined\"","timestamp":"2025-07-12T10:07:47.445Z","value":"undefined","valueType":"string"}
{"kind":"ObjectId","level":"error","message":"Get user by ID error: Cast to ObjectId failed for value \"undefined\" (type string) at path \"_id\" for model \"User\"","path":"_id","reason":{},"service":"skillswap-api","stack":"CastError: Cast to ObjectId failed for value \"undefined\" (type string) at path \"_id\" for model \"User\"\n    at SchemaObjectId.cast (C:\\Owais\\odoo2k25\\server\\node_modules\\mongoose\\lib\\schema\\objectId.js:251:11)\n    at SchemaType.applySetters (C:\\Owais\\odoo2k25\\server\\node_modules\\mongoose\\lib\\schemaType.js:1258:12)\n    at SchemaType.castForQuery (C:\\Owais\\odoo2k25\\server\\node_modules\\mongoose\\lib\\schemaType.js:1676:17)\n    at cast (C:\\Owais\\odoo2k25\\server\\node_modules\\mongoose\\lib\\cast.js:390:32)\n    at Query.cast (C:\\Owais\\odoo2k25\\server\\node_modules\\mongoose\\lib\\query.js:5055:12)\n    at Query._castConditions (C:\\Owais\\odoo2k25\\server\\node_modules\\mongoose\\lib\\query.js:2351:10)\n    at model.Query._findOne (C:\\Owais\\odoo2k25\\server\\node_modules\\mongoose\\lib\\query.js:2674:8)\n    at model.Query.exec (C:\\Owais\\odoo2k25\\server\\node_modules\\mongoose\\lib\\query.js:4604:80)\n    at process.processTicksAndRejections (node:internal/process/task_queues:105:5)\n    at async getUserById (C:\\Owais\\odoo2k25\\server\\controllers\\userController.js:171:18)","stringValue":"\"undefined\"","timestamp":"2025-07-12T10:07:47.449Z","value":"undefined","valueType":"string"}
{"level":"info","message":"User 68722fd27a90c727d0909616 disconnected","service":"skillswap-api","timestamp":"2025-07-12T10:07:54.620Z"}
{"level":"info","message":"User 68722fd27a90c727d0909616 disconnected","service":"skillswap-api","timestamp":"2025-07-12T10:07:54.622Z"}
{"level":"info","message":"User 68722fd27a90c727d0909616 connected via socket xQxFuftB4LWrJMYNAAAH","service":"skillswap-api","timestamp":"2025-07-12T10:07:55.142Z"}
{"level":"info","message":"User 68722fd27a90c727d0909616 connected via socket gzqQAg2nu3VPW3EfAAAJ","service":"skillswap-api","timestamp":"2025-07-12T10:07:55.248Z"}
{"level":"info","message":"User 68722fd27a90c727d0909616 disconnected","service":"skillswap-api","timestamp":"2025-07-12T10:08:15.055Z"}
{"level":"info","message":"User 68722fd27a90c727d0909616 disconnected","service":"skillswap-api","timestamp":"2025-07-12T10:08:15.058Z"}
{"level":"info","message":"User 68722fd27a90c727d0909616 connected via socket P8-GKT6X-iRkATYAAAAL","service":"skillswap-api","timestamp":"2025-07-12T10:08:15.566Z"}
{"level":"info","message":"User 68722fd27a90c727d0909616 connected via socket jbo96KRWKG7WdBZDAAAN","service":"skillswap-api","timestamp":"2025-07-12T10:08:15.639Z"}
{"level":"info","message":"User 68722fd27a90c727d0909616 disconnected","service":"skillswap-api","timestamp":"2025-07-12T10:10:09.454Z"}
{"level":"info","message":"User 68722fd27a90c727d0909616 disconnected","service":"skillswap-api","timestamp":"2025-07-12T10:10:09.454Z"}
{"level":"info","message":"User 68722fd27a90c727d0909616 connected via socket _c1OD8FpnYNgj4KsAAAP","service":"skillswap-api","timestamp":"2025-07-12T10:10:10.078Z"}
{"level":"error","message":"Logout error: Cannot read properties of undefined (reading 'refreshToken')","service":"skillswap-api","stack":"TypeError: Cannot read properties of undefined (reading 'refreshToken')\n    at logout (C:\\Owais\\odoo2k25\\server\\controllers\\authController.js:163:38)\n    at Layer.handleRequest (C:\\Owais\\odoo2k25\\server\\node_modules\\router\\lib\\layer.js:152:17)\n    at next (C:\\Owais\\odoo2k25\\server\\node_modules\\router\\lib\\route.js:157:13)\n    at Route.dispatch (C:\\Owais\\odoo2k25\\server\\node_modules\\router\\lib\\route.js:117:3)\n    at handle (C:\\Owais\\odoo2k25\\server\\node_modules\\router\\index.js:435:11)\n    at Layer.handleRequest (C:\\Owais\\odoo2k25\\server\\node_modules\\router\\lib\\layer.js:152:17)\n    at C:\\Owais\\odoo2k25\\server\\node_modules\\router\\index.js:295:15\n    at processParams (C:\\Owais\\odoo2k25\\server\\node_modules\\router\\index.js:582:12)\n    at next (C:\\Owais\\odoo2k25\\server\\node_modules\\router\\index.js:291:5)\n    at router.handle (C:\\Owais\\odoo2k25\\server\\node_modules\\router\\index.js:186:3)","timestamp":"2025-07-12T10:10:36.826Z"}
{"level":"info","message":"User 68722fd27a90c727d0909616 disconnected","service":"skillswap-api","timestamp":"2025-07-12T10:11:49.531Z"}
{"level":"info","message":"User 68722fd27a90c727d0909616 connected via socket eAl_Tq8z7ZFN0tVjAAAR","service":"skillswap-api","timestamp":"2025-07-12T10:11:50.132Z"}
{"kind":"ObjectId","level":"error","message":"Get user by ID error: Cast to ObjectId failed for value \"undefined\" (type string) at path \"_id\" for model \"User\"","path":"_id","reason":{},"service":"skillswap-api","stack":"CastError: Cast to ObjectId failed for value \"undefined\" (type string) at path \"_id\" for model \"User\"\n    at SchemaObjectId.cast (C:\\Owais\\odoo2k25\\server\\node_modules\\mongoose\\lib\\schema\\objectId.js:251:11)\n    at SchemaType.applySetters (C:\\Owais\\odoo2k25\\server\\node_modules\\mongoose\\lib\\schemaType.js:1258:12)\n    at SchemaType.castForQuery (C:\\Owais\\odoo2k25\\server\\node_modules\\mongoose\\lib\\schemaType.js:1676:17)\n    at cast (C:\\Owais\\odoo2k25\\server\\node_modules\\mongoose\\lib\\cast.js:390:32)\n    at Query.cast (C:\\Owais\\odoo2k25\\server\\node_modules\\mongoose\\lib\\query.js:5055:12)\n    at Query._castConditions (C:\\Owais\\odoo2k25\\server\\node_modules\\mongoose\\lib\\query.js:2351:10)\n    at model.Query._findOne (C:\\Owais\\odoo2k25\\server\\node_modules\\mongoose\\lib\\query.js:2674:8)\n    at model.Query.exec (C:\\Owais\\odoo2k25\\server\\node_modules\\mongoose\\lib\\query.js:4604:80)\n    at process.processTicksAndRejections (node:internal/process/task_queues:105:5)\n    at async getUserById (C:\\Owais\\odoo2k25\\server\\controllers\\userController.js:171:18)","stringValue":"\"undefined\"","timestamp":"2025-07-12T10:12:00.922Z","value":"undefined","valueType":"string"}
{"kind":"ObjectId","level":"error","message":"Get user by ID error: Cast to ObjectId failed for value \"undefined\" (type string) at path \"_id\" for model \"User\"","path":"_id","reason":{},"service":"skillswap-api","stack":"CastError: Cast to ObjectId failed for value \"undefined\" (type string) at path \"_id\" for model \"User\"\n    at SchemaObjectId.cast (C:\\Owais\\odoo2k25\\server\\node_modules\\mongoose\\lib\\schema\\objectId.js:251:11)\n    at SchemaType.applySetters (C:\\Owais\\odoo2k25\\server\\node_modules\\mongoose\\lib\\schemaType.js:1258:12)\n    at SchemaType.castForQuery (C:\\Owais\\odoo2k25\\server\\node_modules\\mongoose\\lib\\schemaType.js:1676:17)\n    at cast (C:\\Owais\\odoo2k25\\server\\node_modules\\mongoose\\lib\\cast.js:390:32)\n    at Query.cast (C:\\Owais\\odoo2k25\\server\\node_modules\\mongoose\\lib\\query.js:5055:12)\n    at Query._castConditions (C:\\Owais\\odoo2k25\\server\\node_modules\\mongoose\\lib\\query.js:2351:10)\n    at model.Query._findOne (C:\\Owais\\odoo2k25\\server\\node_modules\\mongoose\\lib\\query.js:2674:8)\n    at model.Query.exec (C:\\Owais\\odoo2k25\\server\\node_modules\\mongoose\\lib\\query.js:4604:80)\n    at process.processTicksAndRejections (node:internal/process/task_queues:105:5)\n    at async getUserById (C:\\Owais\\odoo2k25\\server\\controllers\\userController.js:171:18)","stringValue":"\"undefined\"","timestamp":"2025-07-12T10:12:00.924Z","value":"undefined","valueType":"string"}
{"level":"info","message":"User 68722fd27a90c727d0909616 disconnected","service":"skillswap-api","timestamp":"2025-07-12T10:12:03.742Z"}
{"kind":"ObjectId","level":"error","message":"Get user by ID error: Cast to ObjectId failed for value \"undefined\" (type string) at path \"_id\" for model \"User\"","path":"_id","reason":{},"service":"skillswap-api","stack":"CastError: Cast to ObjectId failed for value \"undefined\" (type string) at path \"_id\" for model \"User\"\n    at SchemaObjectId.cast (C:\\Owais\\odoo2k25\\server\\node_modules\\mongoose\\lib\\schema\\objectId.js:251:11)\n    at SchemaType.applySetters (C:\\Owais\\odoo2k25\\server\\node_modules\\mongoose\\lib\\schemaType.js:1258:12)\n    at SchemaType.castForQuery (C:\\Owais\\odoo2k25\\server\\node_modules\\mongoose\\lib\\schemaType.js:1676:17)\n    at cast (C:\\Owais\\odoo2k25\\server\\node_modules\\mongoose\\lib\\cast.js:390:32)\n    at Query.cast (C:\\Owais\\odoo2k25\\server\\node_modules\\mongoose\\lib\\query.js:5055:12)\n    at Query._castConditions (C:\\Owais\\odoo2k25\\server\\node_modules\\mongoose\\lib\\query.js:2351:10)\n    at model.Query._findOne (C:\\Owais\\odoo2k25\\server\\node_modules\\mongoose\\lib\\query.js:2674:8)\n    at model.Query.exec (C:\\Owais\\odoo2k25\\server\\node_modules\\mongoose\\lib\\query.js:4604:80)\n    at process.processTicksAndRejections (node:internal/process/task_queues:105:5)\n    at async getUserById (C:\\Owais\\odoo2k25\\server\\controllers\\userController.js:171:18)","stringValue":"\"undefined\"","timestamp":"2025-07-12T10:12:04.235Z","value":"undefined","valueType":"string"}
{"kind":"ObjectId","level":"error","message":"Get user by ID error: Cast to ObjectId failed for value \"undefined\" (type string) at path \"_id\" for model \"User\"","path":"_id","reason":{},"service":"skillswap-api","stack":"CastError: Cast to ObjectId failed for value \"undefined\" (type string) at path \"_id\" for model \"User\"\n    at SchemaObjectId.cast (C:\\Owais\\odoo2k25\\server\\node_modules\\mongoose\\lib\\schema\\objectId.js:251:11)\n    at SchemaType.applySetters (C:\\Owais\\odoo2k25\\server\\node_modules\\mongoose\\lib\\schemaType.js:1258:12)\n    at SchemaType.castForQuery (C:\\Owais\\odoo2k25\\server\\node_modules\\mongoose\\lib\\schemaType.js:1676:17)\n    at cast (C:\\Owais\\odoo2k25\\server\\node_modules\\mongoose\\lib\\cast.js:390:32)\n    at Query.cast (C:\\Owais\\odoo2k25\\server\\node_modules\\mongoose\\lib\\query.js:5055:12)\n    at Query._castConditions (C:\\Owais\\odoo2k25\\server\\node_modules\\mongoose\\lib\\query.js:2351:10)\n    at model.Query._findOne (C:\\Owais\\odoo2k25\\server\\node_modules\\mongoose\\lib\\query.js:2674:8)\n    at model.Query.exec (C:\\Owais\\odoo2k25\\server\\node_modules\\mongoose\\lib\\query.js:4604:80)\n    at process.processTicksAndRejections (node:internal/process/task_queues:105:5)\n    at async getUserById (C:\\Owais\\odoo2k25\\server\\controllers\\userController.js:171:18)","stringValue":"\"undefined\"","timestamp":"2025-07-12T10:12:04.241Z","value":"undefined","valueType":"string"}
{"level":"info","message":"User 68722fd27a90c727d0909616 connected via socket xc6evq2z_UY2Z9ItAAAT","service":"skillswap-api","timestamp":"2025-07-12T10:12:04.281Z"}
{"level":"info","message":"User 68722fd27a90c727d0909616 connected via socket FMLRYFoKoum_USSuAAAV","service":"skillswap-api","timestamp":"2025-07-12T10:12:04.309Z"}
{"level":"info","message":"User 68722fd27a90c727d0909616 disconnected","service":"skillswap-api","timestamp":"2025-07-12T10:14:58.065Z"}
{"level":"info","message":"User 68722fd27a90c727d0909616 disconnected","service":"skillswap-api","timestamp":"2025-07-12T10:14:58.067Z"}
{"level":"info","message":"SIGINT received, shutting down gracefully","service":"skillswap-api","timestamp":"2025-07-12T10:15:19.472Z"}
{"level":"info","message":"Connected to MongoDB successfully","service":"skillswap-api","timestamp":"2025-07-12T10:15:30.085Z"}
{"level":"info","message":"Socket.io server initialized","service":"skillswap-api","timestamp":"2025-07-12T10:15:30.094Z"}
{"level":"info","message":"Server running on port 5000 in development mode","service":"skillswap-api","timestamp":"2025-07-12T10:15:30.097Z"}
{"level":"info","message":"Socket.io initialized and ready for real-time connections","service":"skillswap-api","timestamp":"2025-07-12T10:15:30.098Z"}
{"level":"info","message":"User logged in: oaak78692@gmail.com","service":"skillswap-api","timestamp":"2025-07-12T10:15:37.801Z"}
{"level":"info","message":"User 68722fd27a90c727d0909616 connected via socket Wcp1kLpwjMB6wF0PAAAB","service":"skillswap-api","timestamp":"2025-07-12T10:15:37.969Z"}
{"level":"error","message":"Logout error: Cannot read properties of undefined (reading 'refreshToken')","service":"skillswap-api","stack":"TypeError: Cannot read properties of undefined (reading 'refreshToken')\n    at logout (C:\\Owais\\odoo2k25\\server\\controllers\\authController.js:163:38)\n    at Layer.handleRequest (C:\\Owais\\odoo2k25\\server\\node_modules\\router\\lib\\layer.js:152:17)\n    at next (C:\\Owais\\odoo2k25\\server\\node_modules\\router\\lib\\route.js:157:13)\n    at Route.dispatch (C:\\Owais\\odoo2k25\\server\\node_modules\\router\\lib\\route.js:117:3)\n    at handle (C:\\Owais\\odoo2k25\\server\\node_modules\\router\\index.js:435:11)\n    at Layer.handleRequest (C:\\Owais\\odoo2k25\\server\\node_modules\\router\\lib\\layer.js:152:17)\n    at C:\\Owais\\odoo2k25\\server\\node_modules\\router\\index.js:295:15\n    at processParams (C:\\Owais\\odoo2k25\\server\\node_modules\\router\\index.js:582:12)\n    at next (C:\\Owais\\odoo2k25\\server\\node_modules\\router\\index.js:291:5)\n    at router.handle (C:\\Owais\\odoo2k25\\server\\node_modules\\router\\index.js:186:3)","timestamp":"2025-07-12T10:17:16.731Z"}
{"level":"info","message":"User 68722fd27a90c727d0909616 disconnected","service":"skillswap-api","timestamp":"2025-07-12T10:17:27.999Z"}
{"level":"info","message":"User 68722fd27a90c727d0909616 connected via socket 2wFQFM2s5EsJz7j5AAAD","service":"skillswap-api","timestamp":"2025-07-12T10:17:29.776Z"}
{"level":"info","message":"Connected to MongoDB successfully","service":"skillswap-api","timestamp":"2025-07-12T10:17:40.099Z"}
{"level":"info","message":"Socket.io server initialized","service":"skillswap-api","timestamp":"2025-07-12T10:17:40.103Z"}
{"level":"info","message":"Server running on port 5000 in development mode","service":"skillswap-api","timestamp":"2025-07-12T10:17:40.105Z"}
{"level":"info","message":"Socket.io initialized and ready for real-time connections","service":"skillswap-api","timestamp":"2025-07-12T10:17:40.105Z"}
{"level":"info","message":"User 68722fd27a90c727d0909616 connected via socket u0Yz7_jcSPbK5L1KAAAB","service":"skillswap-api","timestamp":"2025-07-12T10:17:41.001Z"}
{"level":"info","message":"Connected to MongoDB successfully","service":"skillswap-api","timestamp":"2025-07-12T10:19:50.122Z"}
{"level":"info","message":"Socket.io server initialized","service":"skillswap-api","timestamp":"2025-07-12T10:19:50.130Z"}
{"level":"info","message":"Server running on port 5000 in development mode","service":"skillswap-api","timestamp":"2025-07-12T10:19:50.132Z"}
{"level":"info","message":"Socket.io initialized and ready for real-time connections","service":"skillswap-api","timestamp":"2025-07-12T10:19:50.132Z"}
{"level":"info","message":"User 68722fd27a90c727d0909616 connected via socket mV9J1owPt4-PmFcbAAAB","service":"skillswap-api","timestamp":"2025-07-12T10:19:54.983Z"}
{"level":"info","message":"User 68722fd27a90c727d0909616 disconnected","service":"skillswap-api","timestamp":"2025-07-12T10:19:58.539Z"}
{"level":"info","message":"SIGINT received, shutting down gracefully","service":"skillswap-api","timestamp":"2025-07-12T10:22:35.757Z"}
{"level":"info","message":"Connected to MongoDB successfully","service":"skillswap-api","timestamp":"2025-07-12T10:22:43.494Z"}
{"level":"info","message":"Socket.io server initialized","service":"skillswap-api","timestamp":"2025-07-12T10:22:43.498Z"}
{"level":"info","message":"Server running on port 5000 in development mode","service":"skillswap-api","timestamp":"2025-07-12T10:22:43.500Z"}
{"level":"info","message":"Socket.io initialized and ready for real-time connections","service":"skillswap-api","timestamp":"2025-07-12T10:22:43.500Z"}
{"level":"info","message":"User 68722fd27a90c727d0909616 connected via socket h16IjnzfB4ARfhW8AAAB","service":"skillswap-api","timestamp":"2025-07-12T10:22:47.710Z"}
{"level":"info","message":"User profile updated: oaak78692@gmail.com","service":"skillswap-api","timestamp":"2025-07-12T10:23:12.406Z"}
{"level":"info","message":"User 68722fd27a90c727d0909616 disconnected","service":"skillswap-api","timestamp":"2025-07-12T10:24:01.047Z"}
{"level":"info","message":"User 68722fd27a90c727d0909616 connected via socket xvPCxkl2Rv5Vq_L8AAAD","service":"skillswap-api","timestamp":"2025-07-12T10:24:03.640Z"}
{"level":"info","message":"User 68722fd27a90c727d0909616 disconnected","service":"skillswap-api","timestamp":"2025-07-12T10:24:07.972Z"}
{"level":"info","message":"User 68722fd27a90c727d0909616 connected via socket rAht3hkT37ZZL0W5AAAF","service":"skillswap-api","timestamp":"2025-07-12T10:24:09.898Z"}
{"level":"info","message":"User 68722fd27a90c727d0909616 disconnected","service":"skillswap-api","timestamp":"2025-07-12T10:24:26.015Z"}
{"level":"info","message":"User 68722fd27a90c727d0909616 connected via socket WaJKSdDIFtz9ax5BAAAH","service":"skillswap-api","timestamp":"2025-07-12T10:24:27.531Z"}
{"level":"info","message":"User 68722fd27a90c727d0909616 disconnected","service":"skillswap-api","timestamp":"2025-07-12T10:24:30.032Z"}
{"level":"info","message":"User 68722fd27a90c727d0909616 connected via socket mstusGf02HDig0-9AAAJ","service":"skillswap-api","timestamp":"2025-07-12T10:24:30.613Z"}
{"level":"info","message":"User profile updated: oaak78692@gmail.com","service":"skillswap-api","timestamp":"2025-07-12T10:24:38.236Z"}
{"level":"info","message":"Profile photo uploaded for user: oaak78692@gmail.com","service":"skillswap-api","timestamp":"2025-07-12T10:24:48.487Z"}
{"level":"info","message":"User 68722fd27a90c727d0909616 disconnected","service":"skillswap-api","timestamp":"2025-07-12T10:24:48.518Z"}
{"level":"info","message":"User 68722fd27a90c727d0909616 connected via socket AIj-8cXKL_1gygmoAAAL","service":"skillswap-api","timestamp":"2025-07-12T10:24:48.568Z"}
{"level":"info","message":"User profile updated: oaak78692@gmail.com","service":"skillswap-api","timestamp":"2025-07-12T10:24:50.526Z"}
{"level":"info","message":"Swap request created: 68722fd27a90c727d0909616 -> 6871e446322e8bd64dd7e7d0","service":"skillswap-api","timestamp":"2025-07-12T10:25:19.618Z"}
{"level":"info","message":"User 6871e446322e8bd64dd7e7d0 not connected, notification queued","service":"skillswap-api","timestamp":"2025-07-12T10:25:19.621Z"}
{"level":"info","message":"User registered successfully: oaak92786@gmail.com","service":"skillswap-api","timestamp":"2025-07-12T10:27:15.186Z"}
{"level":"info","message":"User 68723882c285277b28f9c4df connected via socket t_8lUgIerQt1ZbmQAAAN","service":"skillswap-api","timestamp":"2025-07-12T10:27:15.300Z"}
{"level":"info","message":"User 68723882c285277b28f9c4df disconnected","service":"skillswap-api","timestamp":"2025-07-12T10:28:12.256Z"}
{"level":"info","message":"User 68722fd27a90c727d0909616 disconnected","service":"skillswap-api","timestamp":"2025-07-12T10:28:22.328Z"}
{"level":"info","message":"SIGINT received, shutting down gracefully","service":"skillswap-api","timestamp":"2025-07-12T10:28:49.052Z"}
{"level":"info","message":"Connected to MongoDB successfully","service":"skillswap-api","timestamp":"2025-07-12T10:29:36.108Z"}
{"level":"info","message":"Socket.io server initialized","service":"skillswap-api","timestamp":"2025-07-12T10:29:36.113Z"}
{"level":"info","message":"Server running on port 5000 in development mode","service":"skillswap-api","timestamp":"2025-07-12T10:29:36.115Z"}
{"level":"info","message":"Socket.io initialized and ready for real-time connections","service":"skillswap-api","timestamp":"2025-07-12T10:29:36.115Z"}
{"level":"info","message":"User 68723882c285277b28f9c4df connected via socket e-t0ax_bVerjddhjAAAB","service":"skillswap-api","timestamp":"2025-07-12T10:29:43.210Z"}
{"level":"info","message":"User logged in: oaak78692@gmail.com","service":"skillswap-api","timestamp":"2025-07-12T10:29:47.723Z"}
{"level":"info","message":"User 68722fd27a90c727d0909616 connected via socket p-A3D8ZDPnMIJyWmAAAD","service":"skillswap-api","timestamp":"2025-07-12T10:29:47.888Z"}
{"level":"error","message":"Logout error: Cannot read properties of undefined (reading 'refreshToken')","service":"skillswap-api","stack":"TypeError: Cannot read properties of undefined (reading 'refreshToken')\n    at logout (C:\\Owais\\odoo2k25\\server\\controllers\\authController.js:163:38)\n    at Layer.handleRequest (C:\\Owais\\odoo2k25\\server\\node_modules\\router\\lib\\layer.js:152:17)\n    at next (C:\\Owais\\odoo2k25\\server\\node_modules\\router\\lib\\route.js:157:13)\n    at Route.dispatch (C:\\Owais\\odoo2k25\\server\\node_modules\\router\\lib\\route.js:117:3)\n    at handle (C:\\Owais\\odoo2k25\\server\\node_modules\\router\\index.js:435:11)\n    at Layer.handleRequest (C:\\Owais\\odoo2k25\\server\\node_modules\\router\\lib\\layer.js:152:17)\n    at C:\\Owais\\odoo2k25\\server\\node_modules\\router\\index.js:295:15\n    at processParams (C:\\Owais\\odoo2k25\\server\\node_modules\\router\\index.js:582:12)\n    at next (C:\\Owais\\odoo2k25\\server\\node_modules\\router\\index.js:291:5)\n    at router.handle (C:\\Owais\\odoo2k25\\server\\node_modules\\router\\index.js:186:3)","timestamp":"2025-07-12T10:29:51.246Z"}
{"level":"info","message":"User 68723882c285277b28f9c4df disconnected","service":"skillswap-api","timestamp":"2025-07-12T10:31:27.273Z"}
{"level":"info","message":"Connected to MongoDB successfully","service":"skillswap-api","timestamp":"2025-07-12T10:31:55.675Z"}
{"level":"info","message":"Connected to MongoDB successfully","service":"skillswap-api","timestamp":"2025-07-12T10:32:11.679Z"}
{"level":"info","message":"Socket.io server initialized","service":"skillswap-api","timestamp":"2025-07-12T10:32:11.689Z"}
{"level":"info","message":"Server running on port 5000 in development mode","service":"skillswap-api","timestamp":"2025-07-12T10:32:11.691Z"}
{"level":"info","message":"Socket.io initialized and ready for real-time connections","service":"skillswap-api","timestamp":"2025-07-12T10:32:11.691Z"}
{"level":"info","message":"User 68722fd27a90c727d0909616 connected via socket mNcE-oIcvArJoalOAAAB","service":"skillswap-api","timestamp":"2025-07-12T10:32:13.002Z"}
{"level":"info","message":"User 68722fd27a90c727d0909616 disconnected","service":"skillswap-api","timestamp":"2025-07-12T10:32:17.468Z"}
{"level":"info","message":"User 68722fd27a90c727d0909616 connected via socket RE4HTYGmXMD2zt25AAAD","service":"skillswap-api","timestamp":"2025-07-12T10:32:18.020Z"}
{"level":"error","message":"Logout error: Cannot read properties of undefined (reading 'refreshToken')","service":"skillswap-api","stack":"TypeError: Cannot read properties of undefined (reading 'refreshToken')\n    at logout (C:\\Owais\\odoo2k25\\server\\controllers\\authController.js:163:38)\n    at Layer.handleRequest (C:\\Owais\\odoo2k25\\server\\node_modules\\router\\lib\\layer.js:152:17)\n    at next (C:\\Owais\\odoo2k25\\server\\node_modules\\router\\lib\\route.js:157:13)\n    at Route.dispatch (C:\\Owais\\odoo2k25\\server\\node_modules\\router\\lib\\route.js:117:3)\n    at handle (C:\\Owais\\odoo2k25\\server\\node_modules\\router\\index.js:435:11)\n    at Layer.handleRequest (C:\\Owais\\odoo2k25\\server\\node_modules\\router\\lib\\layer.js:152:17)\n    at C:\\Owais\\odoo2k25\\server\\node_modules\\router\\index.js:295:15\n    at processParams (C:\\Owais\\odoo2k25\\server\\node_modules\\router\\index.js:582:12)\n    at next (C:\\Owais\\odoo2k25\\server\\node_modules\\router\\index.js:291:5)\n    at router.handle (C:\\Owais\\odoo2k25\\server\\node_modules\\router\\index.js:186:3)","timestamp":"2025-07-12T10:32:19.172Z"}
{"level":"info","message":"Connected to MongoDB successfully","service":"skillswap-api","timestamp":"2025-07-12T10:33:02.446Z"}
{"level":"info","message":"Socket.io server initialized","service":"skillswap-api","timestamp":"2025-07-12T10:33:02.452Z"}
{"level":"info","message":"Server running on port 5000 in development mode","service":"skillswap-api","timestamp":"2025-07-12T10:33:02.454Z"}
{"level":"info","message":"Socket.io initialized and ready for real-time connections","service":"skillswap-api","timestamp":"2025-07-12T10:33:02.455Z"}
{"level":"info","message":"User 68722fd27a90c727d0909616 connected via socket ze-vbJiUZd9FiWUWAAAB","service":"skillswap-api","timestamp":"2025-07-12T10:33:03.000Z"}
{"level":"info","message":"Connected to MongoDB successfully","service":"skillswap-api","timestamp":"2025-07-12T10:34:11.506Z"}
{"level":"info","message":"Socket.io server initialized","service":"skillswap-api","timestamp":"2025-07-12T10:34:11.511Z"}
{"level":"info","message":"Server running on port 5000 in development mode","service":"skillswap-api","timestamp":"2025-07-12T10:34:11.513Z"}
{"level":"info","message":"Socket.io initialized and ready for real-time connections","service":"skillswap-api","timestamp":"2025-07-12T10:34:11.514Z"}
{"level":"info","message":"User 68722fd27a90c727d0909616 connected via socket Xv6KAxGy1ueIKn6bAAAB","service":"skillswap-api","timestamp":"2025-07-12T10:34:15.986Z"}
{"level":"info","message":"User 68722fd27a90c727d0909616 disconnected","service":"skillswap-api","timestamp":"2025-07-12T10:34:27.205Z"}
{"level":"info","message":"User 68722fd27a90c727d0909616 connected via socket 8wNRMLlzl9K-t5C7AAAD","service":"skillswap-api","timestamp":"2025-07-12T10:34:28.388Z"}
{"level":"info","message":"User 68722fd27a90c727d0909616 connected via socket Rsm_5RMH542WwZKrAAAF","service":"skillswap-api","timestamp":"2025-07-12T10:34:28.675Z"}
{"level":"info","message":"User logged out successfully","service":"skillswap-api","timestamp":"2025-07-12T10:34:30.052Z"}
{"level":"info","message":"User 68722fd27a90c727d0909616 disconnected","service":"skillswap-api","timestamp":"2025-07-12T10:34:30.068Z"}
{"level":"info","message":"User 68722fd27a90c727d0909616 disconnected","service":"skillswap-api","timestamp":"2025-07-12T10:34:30.069Z"}
{"level":"info","message":"User logged in: oaak78692@gmail.com","service":"skillswap-api","timestamp":"2025-07-12T10:34:33.193Z"}
{"level":"info","message":"User 68722fd27a90c727d0909616 connected via socket tWJNBQnHRkSfiGkCAAAH","service":"skillswap-api","timestamp":"2025-07-12T10:34:33.357Z"}
{"level":"info","message":"Swap request created: 68722fd27a90c727d0909616 -> 6871e446322e8bd64dd7e7d0","service":"skillswap-api","timestamp":"2025-07-12T10:34:59.455Z"}
{"level":"info","message":"User 6871e446322e8bd64dd7e7d0 not connected, notification queued","service":"skillswap-api","timestamp":"2025-07-12T10:34:59.457Z"}
{"level":"info","message":"User 68722fd27a90c727d0909616 disconnected","service":"skillswap-api","timestamp":"2025-07-12T10:35:04.614Z"}
{"level":"info","message":"User 68722fd27a90c727d0909616 connected via socket bAGKXIIOwLUr7BRdAAAJ","service":"skillswap-api","timestamp":"2025-07-12T10:35:05.218Z"}
{"level":"info","message":"User 68722fd27a90c727d0909616 connected via socket 5bBXbvr7y_6raJe4AAAL","service":"skillswap-api","timestamp":"2025-07-12T10:35:05.421Z"}
{"level":"info","message":"User 68722fd27a90c727d0909616 disconnected","service":"skillswap-api","timestamp":"2025-07-12T10:35:06.461Z"}
{"level":"info","message":"User 68722fd27a90c727d0909616 disconnected","service":"skillswap-api","timestamp":"2025-07-12T10:35:19.480Z"}
{"level":"info","message":"User 68722fd27a90c727d0909616 connected via socket 7_4hFK_t9X3CjnPxAAAN","service":"skillswap-api","timestamp":"2025-07-12T10:35:20.061Z"}
{"level":"info","message":"User 68722fd27a90c727d0909616 connected via socket di53EOOFhYHYcECjAAAR","service":"skillswap-api","timestamp":"2025-07-12T10:35:59.275Z"}
{"level":"info","message":"User 68722fd27a90c727d0909616 connected via socket gwuhZioTNNGfASzlAAAQ","service":"skillswap-api","timestamp":"2025-07-12T10:35:59.276Z"}
{"level":"info","message":"User 68722fd27a90c727d0909616 disconnected","service":"skillswap-api","timestamp":"2025-07-12T10:37:34.857Z"}
{"level":"info","message":"User 68722fd27a90c727d0909616 disconnected","service":"skillswap-api","timestamp":"2025-07-12T10:37:34.859Z"}
{"level":"info","message":"User 68722fd27a90c727d0909616 disconnected","service":"skillswap-api","timestamp":"2025-07-12T10:37:34.860Z"}
{"level":"info","message":"User 68722fd27a90c727d0909616 connected via socket diDRHfguGd3m4mSCAAAT","service":"skillswap-api","timestamp":"2025-07-12T10:37:35.419Z"}
{"level":"info","message":"User 68722fd27a90c727d0909616 connected via socket zpSXg5s6idGjsghlAAAV","service":"skillswap-api","timestamp":"2025-07-12T10:37:35.504Z"}
{"level":"info","message":"Swap request 68723a537e635f9e36c191d8 status updated to cancelled","service":"skillswap-api","timestamp":"2025-07-12T10:38:41.411Z"}
{"data":{"otherUser":{"_id":"68722fd27a90c727d0909616","email":"oaak78692@gmail.com","feedbackCount":0,"id":"68722fd27a90c727d0909616","name":"Owais Ahmed Khan","profilePhoto":"https://res.cloudinary.com/doe422qtw/image/upload/v1752315900/skillswap/profiles/profile_68722fd27a90c727d0909616_1752315885413.jpg"},"requestId":"68723a537e635f9e36c191d8","status":"cancelled"},"level":"info","message":"Notification sent to user 68722fd27a90c727d0909616: Your swap request has been cancelled","service":"skillswap-api","timestamp":"2025-07-12T10:38:41.412Z","title":"Swap Request Update","type":"swap_update"}
{"level":"info","message":"User 6871e446322e8bd64dd7e7d0 not connected, notification queued","service":"skillswap-api","timestamp":"2025-07-12T10:38:41.414Z"}
{"level":"info","message":"User logged out successfully","service":"skillswap-api","timestamp":"2025-07-12T10:39:22.695Z"}
{"level":"info","message":"User 68722fd27a90c727d0909616 disconnected","service":"skillswap-api","timestamp":"2025-07-12T10:39:22.717Z"}
{"level":"info","message":"User 68722fd27a90c727d0909616 disconnected","service":"skillswap-api","timestamp":"2025-07-12T10:39:22.719Z"}
{"level":"info","message":"User logged in: oaak78692@gmail.com","service":"skillswap-api","timestamp":"2025-07-12T10:41:37.999Z"}
{"level":"info","message":"User 68722fd27a90c727d0909616 connected via socket aJl0umfmEZGC7WYrAAAX","service":"skillswap-api","timestamp":"2025-07-12T10:41:38.173Z"}
{"level":"info","message":"User 68722fd27a90c727d0909616 disconnected","service":"skillswap-api","timestamp":"2025-07-12T10:41:40.440Z"}
{"level":"info","message":"SIGINT received, shutting down gracefully","service":"skillswap-api","timestamp":"2025-07-12T10:41:46.752Z"}
{"level":"info","message":"Connected to MongoDB successfully","service":"skillswap-api","timestamp":"2025-07-12T10:41:56.946Z"}
{"level":"info","message":"Socket.io server initialized","service":"skillswap-api","timestamp":"2025-07-12T10:41:56.952Z"}
{"level":"info","message":"Server running on port 5000 in development mode","service":"skillswap-api","timestamp":"2025-07-12T10:41:56.956Z"}
{"level":"info","message":"Socket.io initialized and ready for real-time connections","service":"skillswap-api","timestamp":"2025-07-12T10:41:56.956Z"}
{"level":"info","message":"User 68722fd27a90c727d0909616 connected via socket zeXS4CnBlbx5Wr4EAAAB","service":"skillswap-api","timestamp":"2025-07-12T10:42:00.274Z"}
{"level":"info","message":"User logged out successfully","service":"skillswap-api","timestamp":"2025-07-12T10:42:08.100Z"}
{"level":"info","message":"User 68722fd27a90c727d0909616 disconnected","service":"skillswap-api","timestamp":"2025-07-12T10:42:08.115Z"}
{"level":"info","message":"Connected to MongoDB successfully","service":"skillswap-api","timestamp":"2025-07-12T10:46:44.432Z"}
{"level":"info","message":"Socket.io server initialized","service":"skillswap-api","timestamp":"2025-07-12T10:46:44.437Z"}
{"level":"info","message":"Server running on port 5000 in development mode","service":"skillswap-api","timestamp":"2025-07-12T10:46:44.439Z"}
{"level":"info","message":"Socket.io initialized and ready for real-time connections","service":"skillswap-api","timestamp":"2025-07-12T10:46:44.440Z"}
